
*** Running vivado
    with args -log top.vds -m64 -product Vivado -mode batch -messageDb vivado.pb -notrace -source top.tcl


****** Vivado v2019.2 (64-bit)
  **** SW Build 2708876 on Wed Nov  6 21:39:14 MST 2019
  **** IP Build 2700528 on Thu Nov  7 00:09:20 MST 2019
    ** Copyright 1986-2019 Xilinx, Inc. All Rights Reserved.

source top.tcl -notrace
Command: synth_design -top top -part xc7a100tcsg324-1
Starting synth_design
Attempting to get a license for feature 'Synthesis' and/or device 'xc7a100t'
INFO: [Common 17-349] Got license for feature 'Synthesis' and/or device 'xc7a100t'
INFO: [Device 21-403] Loading part xc7a100tcsg324-1
INFO: Launching helper process for spawning children vivado processes
INFO: Helper process launched with PID 66984 
---------------------------------------------------------------------------------
Starting RTL Elaboration : Time (s): cpu = 00:00:03 ; elapsed = 00:00:04 . Memory (MB): peak = 1814.195 ; gain = 202.688 ; free physical = 1186 ; free virtual = 5099
---------------------------------------------------------------------------------
INFO: [Synth 8-6157] synthesizing module 'top' [/home/ngonidzashe/Documents/EEE4120F-Pracs/sinewave_remake/top.v:3]
INFO: [Synth 8-6157] synthesizing module 'Debounce' [/home/ngonidzashe/Documents/EEE4120F-Pracs/sinewave_remake/Debounce.v:1]
INFO: [Synth 8-6155] done synthesizing module 'Debounce' (1#1) [/home/ngonidzashe/Documents/EEE4120F-Pracs/sinewave_remake/Debounce.v:1]
INFO: [Synth 8-6157] synthesizing module 'blk_mem_gen_0' [/home/ngonidzashe/Documents/EEE4120F-Pracs/sinewave_remake/sinewave_remake.runs/synth_1/.Xil/Vivado-66947-Prometheus/realtime/blk_mem_gen_0_stub.v:6]
INFO: [Synth 8-6155] done synthesizing module 'blk_mem_gen_0' (2#1) [/home/ngonidzashe/Documents/EEE4120F-Pracs/sinewave_remake/sinewave_remake.runs/synth_1/.Xil/Vivado-66947-Prometheus/realtime/blk_mem_gen_0_stub.v:6]
WARNING: [Synth 8-689] width (8) of port connection 'addra' does not match port width (6) of module 'blk_mem_gen_0' [/home/ngonidzashe/Documents/EEE4120F-Pracs/sinewave_remake/top.v:31]
INFO: [Synth 8-6157] synthesizing module 'pwm_module' [/home/ngonidzashe/Documents/EEE4120F-Pracs/sinewave_remake/PWM.v:1]
INFO: [Synth 8-6155] done synthesizing module 'pwm_module' (3#1) [/home/ngonidzashe/Documents/EEE4120F-Pracs/sinewave_remake/PWM.v:1]
WARNING: [Synth 8-6014] Unused sequential element f_base_reg was removed.  [/home/ngonidzashe/Documents/EEE4120F-Pracs/sinewave_remake/top.v:62]
WARNING: [Synth 8-3848] Net BTNL in module/entity top does not have driver. [/home/ngonidzashe/Documents/EEE4120F-Pracs/sinewave_remake/top.v:15]
INFO: [Synth 8-6155] done synthesizing module 'top' (4#1) [/home/ngonidzashe/Documents/EEE4120F-Pracs/sinewave_remake/top.v:3]
WARNING: [Synth 8-3917] design top has port AUD_SD driven by constant 1
WARNING: [Synth 8-3917] design top has port LED[1] driven by constant 0
WARNING: [Synth 8-3917] design top has port LED[0] driven by constant 0
WARNING: [Synth 8-3331] design top has unconnected port LED[2]
WARNING: [Synth 8-3331] design top has unconnected port SW[7]
WARNING: [Synth 8-3331] design top has unconnected port SW[6]
WARNING: [Synth 8-3331] design top has unconnected port SW[5]
WARNING: [Synth 8-3331] design top has unconnected port SW[4]
WARNING: [Synth 8-3331] design top has unconnected port SW[3]
WARNING: [Synth 8-3331] design top has unconnected port SW[2]
WARNING: [Synth 8-3331] design top has unconnected port SW[1]
WARNING: [Synth 8-3331] design top has unconnected port SW[0]
---------------------------------------------------------------------------------
Finished RTL Elaboration : Time (s): cpu = 00:00:04 ; elapsed = 00:00:05 . Memory (MB): peak = 1878.914 ; gain = 267.406 ; free physical = 1221 ; free virtual = 5135
---------------------------------------------------------------------------------

Report Check Netlist: 
+------+------------------+-------+---------+-------+------------------+
|      |Item              |Errors |Warnings |Status |Description       |
+------+------------------+-------+---------+-------+------------------+
|1     |multi_driven_nets |      0|        0|Passed |Multi driven nets |
+------+------------------+-------+---------+-------+------------------+
---------------------------------------------------------------------------------
Start Handling Custom Attributes
---------------------------------------------------------------------------------
---------------------------------------------------------------------------------
Finished Handling Custom Attributes : Time (s): cpu = 00:00:04 ; elapsed = 00:00:06 . Memory (MB): peak = 1878.914 ; gain = 267.406 ; free physical = 1217 ; free virtual = 5131
---------------------------------------------------------------------------------
---------------------------------------------------------------------------------
Finished RTL Optimization Phase 1 : Time (s): cpu = 00:00:04 ; elapsed = 00:00:06 . Memory (MB): peak = 1878.914 ; gain = 267.406 ; free physical = 1217 ; free virtual = 5131
---------------------------------------------------------------------------------
Netlist sorting complete. Time (s): cpu = 00:00:00 ; elapsed = 00:00:00 . Memory (MB): peak = 1878.914 ; gain = 0.000 ; free physical = 1210 ; free virtual = 5124
INFO: [Project 1-570] Preparing netlist for logic optimization

Processing XDC Constraints
Initializing timing engine
Parsing XDC File [/home/ngonidzashe/Documents/EEE4120F-Pracs/sinewave_remake/sinewave_remake.srcs/sources_1/ip/blk_mem_gen_0/blk_mem_gen_0/blk_mem_gen_0_in_context.xdc] for cell 'quarter_sine_wave'
Finished Parsing XDC File [/home/ngonidzashe/Documents/EEE4120F-Pracs/sinewave_remake/sinewave_remake.srcs/sources_1/ip/blk_mem_gen_0/blk_mem_gen_0/blk_mem_gen_0_in_context.xdc] for cell 'quarter_sine_wave'
Parsing XDC File [/home/ngonidzashe/Documents/EEE4120F-Pracs/sinewave_remake/sinewave_remake.srcs/constrs_1/new/constraints.xdc]
WARNING: [Vivado 12-584] No ports matched 'sw[0]'. [/home/ngonidzashe/Documents/EEE4120F-Pracs/sinewave_remake/sinewave_remake.srcs/constrs_1/new/constraints.xdc:13]
WARNING: [Vivado 12-584] No ports matched 'sw[1]'. [/home/ngonidzashe/Documents/EEE4120F-Pracs/sinewave_remake/sinewave_remake.srcs/constrs_1/new/constraints.xdc:14]
WARNING: [Vivado 12-584] No ports matched 'SW[8]'. [/home/ngonidzashe/Documents/EEE4120F-Pracs/sinewave_remake/sinewave_remake.srcs/constrs_1/new/constraints.xdc:21]
WARNING: [Vivado 12-584] No ports matched 'SW[9]'. [/home/ngonidzashe/Documents/EEE4120F-Pracs/sinewave_remake/sinewave_remake.srcs/constrs_1/new/constraints.xdc:22]
WARNING: [Vivado 12-584] No ports matched 'SW[10]'. [/home/ngonidzashe/Documents/EEE4120F-Pracs/sinewave_remake/sinewave_remake.srcs/constrs_1/new/constraints.xdc:23]
WARNING: [Vivado 12-584] No ports matched 'SW[11]'. [/home/ngonidzashe/Documents/EEE4120F-Pracs/sinewave_remake/sinewave_remake.srcs/constrs_1/new/constraints.xdc:24]
WARNING: [Vivado 12-584] No ports matched 'SW[12]'. [/home/ngonidzashe/Documents/EEE4120F-Pracs/sinewave_remake/sinewave_remake.srcs/constrs_1/new/constraints.xdc:25]
WARNING: [Vivado 12-584] No ports matched 'SW[13]'. [/home/ngonidzashe/Documents/EEE4120F-Pracs/sinewave_remake/sinewave_remake.srcs/constrs_1/new/constraints.xdc:26]
WARNING: [Vivado 12-584] No ports matched 'SW[14]'. [/home/ngonidzashe/Documents/EEE4120F-Pracs/sinewave_remake/sinewave_remake.srcs/constrs_1/new/constraints.xdc:27]
WARNING: [Vivado 12-584] No ports matched 'SW[15]'. [/home/ngonidzashe/Documents/EEE4120F-Pracs/sinewave_remake/sinewave_remake.srcs/constrs_1/new/constraints.xdc:28]
WARNING: [Vivado 12-584] No ports matched 'LED[3]'. [/home/ngonidzashe/Documents/EEE4120F-Pracs/sinewave_remake/sinewave_remake.srcs/constrs_1/new/constraints.xdc:36]
WARNING: [Vivado 12-584] No ports matched 'LED[4]'. [/home/ngonidzashe/Documents/EEE4120F-Pracs/sinewave_remake/sinewave_remake.srcs/constrs_1/new/constraints.xdc:37]
WARNING: [Vivado 12-584] No ports matched 'LED[5]'. [/home/ngonidzashe/Documents/EEE4120F-Pracs/sinewave_remake/sinewave_remake.srcs/constrs_1/new/constraints.xdc:38]
WARNING: [Vivado 12-584] No ports matched 'LED[6]'. [/home/ngonidzashe/Documents/EEE4120F-Pracs/sinewave_remake/sinewave_remake.srcs/constrs_1/new/constraints.xdc:39]
WARNING: [Vivado 12-584] No ports matched 'LED[7]'. [/home/ngonidzashe/Documents/EEE4120F-Pracs/sinewave_remake/sinewave_remake.srcs/constrs_1/new/constraints.xdc:40]
WARNING: [Vivado 12-584] No ports matched 'LED[8]'. [/home/ngonidzashe/Documents/EEE4120F-Pracs/sinewave_remake/sinewave_remake.srcs/constrs_1/new/constraints.xdc:41]
WARNING: [Vivado 12-584] No ports matched 'LED[9]'. [/home/ngonidzashe/Documents/EEE4120F-Pracs/sinewave_remake/sinewave_remake.srcs/constrs_1/new/constraints.xdc:42]
WARNING: [Vivado 12-584] No ports matched 'LED[10]'. [/home/ngonidzashe/Documents/EEE4120F-Pracs/sinewave_remake/sinewave_remake.srcs/constrs_1/new/constraints.xdc:43]
WARNING: [Vivado 12-584] No ports matched 'LED[11]'. [/home/ngonidzashe/Documents/EEE4120F-Pracs/sinewave_remake/sinewave_remake.srcs/constrs_1/new/constraints.xdc:44]
WARNING: [Vivado 12-584] No ports matched 'LED[12]'. [/home/ngonidzashe/Documents/EEE4120F-Pracs/sinewave_remake/sinewave_remake.srcs/constrs_1/new/constraints.xdc:45]
WARNING: [Vivado 12-584] No ports matched 'LED[13]'. [/home/ngonidzashe/Documents/EEE4120F-Pracs/sinewave_remake/sinewave_remake.srcs/constrs_1/new/constraints.xdc:46]
WARNING: [Vivado 12-584] No ports matched 'LED[14]'. [/home/ngonidzashe/Documents/EEE4120F-Pracs/sinewave_remake/sinewave_remake.srcs/constrs_1/new/constraints.xdc:47]
WARNING: [Vivado 12-584] No ports matched 'LED[15]'. [/home/ngonidzashe/Documents/EEE4120F-Pracs/sinewave_remake/sinewave_remake.srcs/constrs_1/new/constraints.xdc:48]
WARNING: [Vivado 12-584] No ports matched 'CPU_RESETN'. [/home/ngonidzashe/Documents/EEE4120F-Pracs/sinewave_remake/sinewave_remake.srcs/constrs_1/new/constraints.xdc:82]
WARNING: [Vivado 12-584] No ports matched 'BTNC'. [/home/ngonidzashe/Documents/EEE4120F-Pracs/sinewave_remake/sinewave_remake.srcs/constrs_1/new/constraints.xdc:84]
WARNING: [Vivado 12-584] No ports matched 'BTNU'. [/home/ngonidzashe/Documents/EEE4120F-Pracs/sinewave_remake/sinewave_remake.srcs/constrs_1/new/constraints.xdc:85]
WARNING: [Vivado 12-584] No ports matched 'BTNL'. [/home/ngonidzashe/Documents/EEE4120F-Pracs/sinewave_remake/sinewave_remake.srcs/constrs_1/new/constraints.xdc:86]
WARNING: [Vivado 12-584] No ports matched 'BTNR'. [/home/ngonidzashe/Documents/EEE4120F-Pracs/sinewave_remake/sinewave_remake.srcs/constrs_1/new/constraints.xdc:87]
WARNING: [Vivado 12-584] No ports matched 'BTND'. [/home/ngonidzashe/Documents/EEE4120F-Pracs/sinewave_remake/sinewave_remake.srcs/constrs_1/new/constraints.xdc:88]
WARNING: [Vivado 12-584] No ports matched 'vauxn3'. [/home/ngonidzashe/Documents/EEE4120F-Pracs/sinewave_remake/sinewave_remake.srcs/constrs_1/new/constraints.xdc:144]
WARNING: [Vivado 12-584] No ports matched 'vauxp3'. [/home/ngonidzashe/Documents/EEE4120F-Pracs/sinewave_remake/sinewave_remake.srcs/constrs_1/new/constraints.xdc:145]
WARNING: [Vivado 12-584] No ports matched 'vauxn10'. [/home/ngonidzashe/Documents/EEE4120F-Pracs/sinewave_remake/sinewave_remake.srcs/constrs_1/new/constraints.xdc:146]
WARNING: [Vivado 12-584] No ports matched 'vauxp10'. [/home/ngonidzashe/Documents/EEE4120F-Pracs/sinewave_remake/sinewave_remake.srcs/constrs_1/new/constraints.xdc:147]
WARNING: [Vivado 12-584] No ports matched 'vauxn2'. [/home/ngonidzashe/Documents/EEE4120F-Pracs/sinewave_remake/sinewave_remake.srcs/constrs_1/new/constraints.xdc:148]
WARNING: [Vivado 12-584] No ports matched 'vauxp2'. [/home/ngonidzashe/Documents/EEE4120F-Pracs/sinewave_remake/sinewave_remake.srcs/constrs_1/new/constraints.xdc:149]
WARNING: [Vivado 12-584] No ports matched 'vauxn11'. [/home/ngonidzashe/Documents/EEE4120F-Pracs/sinewave_remake/sinewave_remake.srcs/constrs_1/new/constraints.xdc:150]
WARNING: [Vivado 12-584] No ports matched 'vauxp11'. [/home/ngonidzashe/Documents/EEE4120F-Pracs/sinewave_remake/sinewave_remake.srcs/constrs_1/new/constraints.xdc:151]
Finished Parsing XDC File [/home/ngonidzashe/Documents/EEE4120F-Pracs/sinewave_remake/sinewave_remake.srcs/constrs_1/new/constraints.xdc]
WARNING: [Project 1-498] One or more constraints failed evaluation while reading constraint file [/home/ngonidzashe/Documents/EEE4120F-Pracs/sinewave_remake/sinewave_remake.srcs/constrs_1/new/constraints.xdc] and the design contains unresolved black boxes. These constraints will be read post-synthesis (as long as their source constraint file is marked as used_in_implementation) and should be applied correctly then. You should review the constraints listed in the file [.Xil/top_propImpl.xdc] and check the run log file to verify that these constraints were correctly applied.
INFO: [Project 1-236] Implementation specific constraints were found while reading constraint file [/home/ngonidzashe/Documents/EEE4120F-Pracs/sinewave_remake/sinewave_remake.srcs/constrs_1/new/constraints.xdc]. These constraints will be ignored for synthesis but will be used in implementation. Impacted constraints are listed in the file [.Xil/top_propImpl.xdc].
Resolution: To avoid this warning, move constraints listed in [.Xil/top_propImpl.xdc] to another XDC file and exclude this new file from synthesis with the used_in_synthesis property (File Properties dialog in GUI) and re-run elaboration/synthesis.
Completed Processing XDC Constraints

Netlist sorting complete. Time (s): cpu = 00:00:00 ; elapsed = 00:00:00 . Memory (MB): peak = 2033.695 ; gain = 0.000 ; free physical = 1126 ; free virtual = 5041
INFO: [Project 1-111] Unisim Transformation Summary:
No Unisim elements were transformed.

Constraint Validation Runtime : Time (s): cpu = 00:00:00 ; elapsed = 00:00:00 . Memory (MB): peak = 2033.695 ; gain = 0.000 ; free physical = 1126 ; free virtual = 5041
WARNING: [Timing 38-316] Clock period '20.000' specified during out-of-context synthesis of instance 'quarter_sine_wave' at clock pin 'clka' is different from the actual clock period '10.000', this can lead to different synthesis results.
---------------------------------------------------------------------------------
Finished Constraint Validation : Time (s): cpu = 00:00:09 ; elapsed = 00:00:12 . Memory (MB): peak = 2033.695 ; gain = 422.188 ; free physical = 1201 ; free virtual = 5104
---------------------------------------------------------------------------------
---------------------------------------------------------------------------------
Start Loading Part and Timing Information
---------------------------------------------------------------------------------
Loading part: xc7a100tcsg324-1
---------------------------------------------------------------------------------
Finished Loading Part and Timing Information : Time (s): cpu = 00:00:09 ; elapsed = 00:00:12 . Memory (MB): peak = 2033.695 ; gain = 422.188 ; free physical = 1201 ; free virtual = 5104
---------------------------------------------------------------------------------
---------------------------------------------------------------------------------
Start Applying 'set_property' XDC Constraints
---------------------------------------------------------------------------------
Applied set_property DONT_TOUCH = true for quarter_sine_wave. (constraint file  auto generated constraint, line ).
---------------------------------------------------------------------------------
Finished applying 'set_property' XDC Constraints : Time (s): cpu = 00:00:09 ; elapsed = 00:00:12 . Memory (MB): peak = 2033.695 ; gain = 422.188 ; free physical = 1203 ; free virtual = 5106
---------------------------------------------------------------------------------
---------------------------------------------------------------------------------
Finished RTL Optimization Phase 2 : Time (s): cpu = 00:00:09 ; elapsed = 00:00:12 . Memory (MB): peak = 2033.695 ; gain = 422.188 ; free physical = 1194 ; free virtual = 5098
---------------------------------------------------------------------------------

Report RTL Partitions: 
+-+--------------+------------+----------+
| |RTL Partition |Replication |Instances |
+-+--------------+------------+----------+
+-+--------------+------------+----------+
---------------------------------------------------------------------------------
Start RTL Component Statistics 
---------------------------------------------------------------------------------
Detailed RTL Component Info : 
+---Adders : 
	   2 Input     13 Bit       Adders := 1     
	   2 Input     11 Bit       Adders := 1     
	   2 Input      8 Bit       Adders := 1     
+---Registers : 
	               13 Bit    Registers := 1     
	               11 Bit    Registers := 3     
	                8 Bit    Registers := 1     
	                1 Bit    Registers := 3     
+---Muxes : 
	   2 Input     13 Bit        Muxes := 1     
---------------------------------------------------------------------------------
Finished RTL Component Statistics 
---------------------------------------------------------------------------------
---------------------------------------------------------------------------------
Start RTL Hierarchical Component Statistics 
---------------------------------------------------------------------------------
Hierarchical RTL Component report 
Module top 
Detailed RTL Component Info : 
+---Adders : 
	   2 Input     13 Bit       Adders := 1     
	   2 Input      8 Bit       Adders := 1     
+---Registers : 
	               13 Bit    Registers := 1     
	               11 Bit    Registers := 1     
	                8 Bit    Registers := 1     
+---Muxes : 
	   2 Input     13 Bit        Muxes := 1     
Module Debounce 
Detailed RTL Component Info : 
+---Registers : 
	                1 Bit    Registers := 2     
Module pwm_module 
Detailed RTL Component Info : 
+---Adders : 
	   2 Input     11 Bit       Adders := 1     
+---Registers : 
	               11 Bit    Registers := 2     
	                1 Bit    Registers := 1     
---------------------------------------------------------------------------------
Finished RTL Hierarchical Component Statistics
---------------------------------------------------------------------------------
---------------------------------------------------------------------------------
Start Part Resource Summary
---------------------------------------------------------------------------------
Part Resources:
DSPs: 240 (col length:80)
BRAMs: 270 (col length: RAMB18 80 RAMB36 40)
---------------------------------------------------------------------------------
Finished Part Resource Summary
---------------------------------------------------------------------------------
---------------------------------------------------------------------------------
Start Cross Boundary and Area Optimization
---------------------------------------------------------------------------------
Warning: Parallel synthesis criteria is not met 
WARNING: [Synth 8-3917] design top has port AUD_SD driven by constant 1
WARNING: [Synth 8-3917] design top has port LED[1] driven by constant 0
WARNING: [Synth 8-3917] design top has port LED[0] driven by constant 0
WARNING: [Synth 8-3331] design top has unconnected port LED[2]
WARNING: [Synth 8-3331] design top has unconnected port SW[7]
WARNING: [Synth 8-3331] design top has unconnected port SW[6]
WARNING: [Synth 8-3331] design top has unconnected port SW[5]
WARNING: [Synth 8-3331] design top has unconnected port SW[4]
WARNING: [Synth 8-3331] design top has unconnected port SW[3]
WARNING: [Synth 8-3331] design top has unconnected port SW[2]
WARNING: [Synth 8-3331] design top has unconnected port SW[1]
WARNING: [Synth 8-3331] design top has unconnected port SW[0]
---------------------------------------------------------------------------------
Finished Cross Boundary and Area Optimization : Time (s): cpu = 00:00:10 ; elapsed = 00:00:12 . Memory (MB): peak = 2033.695 ; gain = 422.188 ; free physical = 1180 ; free virtual = 5088
---------------------------------------------------------------------------------

Report RTL Partitions: 
+-+--------------+------------+----------+
| |RTL Partition |Replication |Instances |
+-+--------------+------------+----------+
+-+--------------+------------+----------+
---------------------------------------------------------------------------------
Start Applying XDC Timing Constraints
---------------------------------------------------------------------------------
---------------------------------------------------------------------------------
Finished Applying XDC Timing Constraints : Time (s): cpu = 00:00:15 ; elapsed = 00:00:19 . Memory (MB): peak = 2033.695 ; gain = 422.188 ; free physical = 1061 ; free virtual = 4969
---------------------------------------------------------------------------------
---------------------------------------------------------------------------------
Start Timing Optimization
---------------------------------------------------------------------------------
---------------------------------------------------------------------------------
Finished Timing Optimization : Time (s): cpu = 00:00:15 ; elapsed = 00:00:19 . Memory (MB): peak = 2033.695 ; gain = 422.188 ; free physical = 1058 ; free virtual = 4966
---------------------------------------------------------------------------------

Report RTL Partitions: 
+-+--------------+------------+----------+
| |RTL Partition |Replication |Instances |
+-+--------------+------------+----------+
+-+--------------+------------+----------+
---------------------------------------------------------------------------------
Start Technology Mapping
---------------------------------------------------------------------------------
---------------------------------------------------------------------------------
Finished Technology Mapping : Time (s): cpu = 00:00:15 ; elapsed = 00:00:19 . Memory (MB): peak = 2033.695 ; gain = 422.188 ; free physical = 1058 ; free virtual = 4966
---------------------------------------------------------------------------------

Report RTL Partitions: 
+-+--------------+------------+----------+
| |RTL Partition |Replication |Instances |
+-+--------------+------------+----------+
+-+--------------+------------+----------+
---------------------------------------------------------------------------------
Start IO Insertion
---------------------------------------------------------------------------------
---------------------------------------------------------------------------------
Start Flattening Before IO Insertion
---------------------------------------------------------------------------------
---------------------------------------------------------------------------------
Finished Flattening Before IO Insertion
---------------------------------------------------------------------------------
---------------------------------------------------------------------------------
Start Final Netlist Cleanup
---------------------------------------------------------------------------------
---------------------------------------------------------------------------------
Finished Final Netlist Cleanup
---------------------------------------------------------------------------------
---------------------------------------------------------------------------------
Finished IO Insertion : Time (s): cpu = 00:00:18 ; elapsed = 00:00:22 . Memory (MB): peak = 2033.695 ; gain = 422.188 ; free physical = 1070 ; free virtual = 4978
---------------------------------------------------------------------------------
---------------------------------------------------------------------------------
Start Renaming Generated Instances
---------------------------------------------------------------------------------
---------------------------------------------------------------------------------
Finished Renaming Generated Instances : Time (s): cpu = 00:00:18 ; elapsed = 00:00:22 . Memory (MB): peak = 2033.695 ; gain = 422.188 ; free physical = 1070 ; free virtual = 4978
---------------------------------------------------------------------------------

Report RTL Partitions: 
+-+--------------+------------+----------+
| |RTL Partition |Replication |Instances |
+-+--------------+------------+----------+
+-+--------------+------------+----------+

Report Check Netlist: 
+------+------------------+-------+---------+-------+------------------+
|      |Item              |Errors |Warnings |Status |Description       |
+------+------------------+-------+---------+-------+------------------+
|1     |multi_driven_nets |      0|        0|Passed |Multi driven nets |
+------+------------------+-------+---------+-------+------------------+
---------------------------------------------------------------------------------
Start Rebuilding User Hierarchy
---------------------------------------------------------------------------------
---------------------------------------------------------------------------------
Finished Rebuilding User Hierarchy : Time (s): cpu = 00:00:18 ; elapsed = 00:00:22 . Memory (MB): peak = 2033.695 ; gain = 422.188 ; free physical = 1070 ; free virtual = 4978
---------------------------------------------------------------------------------
---------------------------------------------------------------------------------
Start Renaming Generated Ports
---------------------------------------------------------------------------------
---------------------------------------------------------------------------------
Finished Renaming Generated Ports : Time (s): cpu = 00:00:18 ; elapsed = 00:00:22 . Memory (MB): peak = 2033.695 ; gain = 422.188 ; free physical = 1070 ; free virtual = 4978
---------------------------------------------------------------------------------
---------------------------------------------------------------------------------
Start Handling Custom Attributes
---------------------------------------------------------------------------------
---------------------------------------------------------------------------------
Finished Handling Custom Attributes : Time (s): cpu = 00:00:18 ; elapsed = 00:00:22 . Memory (MB): peak = 2033.695 ; gain = 422.188 ; free physical = 1070 ; free virtual = 4978
---------------------------------------------------------------------------------
---------------------------------------------------------------------------------
Start Renaming Generated Nets
---------------------------------------------------------------------------------
---------------------------------------------------------------------------------
Finished Renaming Generated Nets : Time (s): cpu = 00:00:18 ; elapsed = 00:00:22 . Memory (MB): peak = 2033.695 ; gain = 422.188 ; free physical = 1070 ; free virtual = 4978
---------------------------------------------------------------------------------
---------------------------------------------------------------------------------
Start Writing Synthesis Report
---------------------------------------------------------------------------------

Report BlackBoxes: 
+------+--------------+----------+
|      |BlackBox name |Instances |
+------+--------------+----------+
|1     |blk_mem_gen_0 |         1|
+------+--------------+----------+

Report Cell Usage: 
+------+--------------+------+
|      |Cell          |Count |
+------+--------------+------+
|1     |blk_mem_gen_0 |     1|
|2     |BUFG          |     1|
|3     |CARRY4        |     5|
|4     |LUT1          |     3|
|5     |LUT2          |     5|
|6     |LUT3          |     3|
|7     |LUT4          |    16|
|8     |LUT5          |     5|
|9     |LUT6          |     5|
|10    |FDRE          |    53|
|11    |IBUF          |     1|
|12    |OBUF          |     4|
|13    |OBUFT         |     1|
+------+--------------+------+

Report Instance Areas: 
+------+---------------+-----------+------+
|      |Instance       |Module     |Cells |
+------+---------------+-----------+------+
|1     |top            |           |   113|
|2     |  sound_output |pwm_module |    52|
+------+---------------+-----------+------+
---------------------------------------------------------------------------------
Finished Writing Synthesis Report : Time (s): cpu = 00:00:18 ; elapsed = 00:00:22 . Memory (MB): peak = 2033.695 ; gain = 422.188 ; free physical = 1070 ; free virtual = 4978
---------------------------------------------------------------------------------
Synthesis finished with 0 errors, 0 critical warnings and 12 warnings.
Synthesis Optimization Runtime : Time (s): cpu = 00:00:16 ; elapsed = 00:00:20 . Memory (MB): peak = 2033.695 ; gain = 267.406 ; free physical = 1122 ; free virtual = 5031
Synthesis Optimization Complete : Time (s): cpu = 00:00:18 ; elapsed = 00:00:22 . Memory (MB): peak = 2033.695 ; gain = 422.188 ; free physical = 1122 ; free virtual = 5031
INFO: [Project 1-571] Translating synthesized netlist
Netlist sorting complete. Time (s): cpu = 00:00:00 ; elapsed = 00:00:00 . Memory (MB): peak = 2033.695 ; gain = 0.000 ; free physical = 1190 ; free virtual = 5098
INFO: [Netlist 29-17] Analyzing 5 Unisim elements for replacement
INFO: [Netlist 29-28] Unisim Transformation completed in 0 CPU seconds
INFO: [Project 1-570] Preparing netlist for logic optimization
INFO: [Opt 31-138] Pushed 0 inverter(s) to 0 load pin(s).
Netlist sorting complete. Time (s): cpu = 00:00:00 ; elapsed = 00:00:00 . Memory (MB): peak = 2033.695 ; gain = 0.000 ; free physical = 1135 ; free virtual = 5044
INFO: [Project 1-111] Unisim Transformation Summary:
No Unisim elements were transformed.

INFO: [Common 17-83] Releasing license: Synthesis
20 Infos, 66 Warnings, 0 Critical Warnings and 0 Errors encountered.
synth_design completed successfully
synth_design: Time (s): cpu = 00:00:24 ; elapsed = 00:00:30 . Memory (MB): peak = 2033.695 ; gain = 586.602 ; free physical = 1267 ; free virtual = 5175
Netlist sorting complete. Time (s): cpu = 00:00:00 ; elapsed = 00:00:00 . Memory (MB): peak = 2033.695 ; gain = 0.000 ; free physical = 1267 ; free virtual = 5176
WARNING: [Constraints 18-5210] No constraints selected for write.
Resolution: This message can indicate that there are no constraints for the design, or it can indicate that the used_in flags are set such that the constraints are ignored. This later case is used when running synth_design to not write synthesis constraints to the resulting checkpoint. Instead, project constraints are read when the synthesized design is opened.
INFO: [Common 17-1381] The checkpoint '/home/ngonidzashe/Documents/EEE4120F-Pracs/sinewave_remake/sinewave_remake.runs/synth_1/top.dcp' has been generated.
INFO: [runtcl-4] Executing : report_utilization -file top_utilization_synth.rpt -pb top_utilization_synth.pb
INFO: [Common 17-206] Exiting Vivado at Thu May 14 00:24:18 2020...
